<?xml version="1.0" encoding="UTF-8"?>
<!-- Generated by org.testng.reporters.JUnitReportReporter -->
<testsuite hostname="BalaTs-MBP.hsd1.ca.comcast.net" failures="0" tests="1" name="com.ecommerce.flipkart.Tester" time="0.009" errors="0" timestamp="22 Jul 2020 00:45:28 GMT" skipped="0">
  <testcase classname="com.ecommerce.flipkart.Tester" name="testLogin" time="0.009"/>
</testsuite> <!-- com.ecommerce.flipkart.Tester -->
